0:100  0:100  MemLog inited, TSC freq: 2708760370
0:100  0:000  MemLog was calibrated without ACPI PM Timer: ACPI I/O space is not enabled.
0:100  0:000  
0:100  0:000  Now is 30.11.2018,  13:41:54 (GMT)
0:100  0:000  Starting Clover revision: 4045 on INSYDE Corp. EFI
0:100  0:000  Build with: [Args: -mc --no-usb -D NO_GRUB_DRIVERS_EMBEDDED -D CHECK_FLAGS -t XCODE5 | -D DISABLE_USB_SUPPORT -D NO_GRUB_DRIVERS_EMBEDDED -D CHECK_FLAGS -D USE_BIOS_BLOCKIO -D USE_LOW_EBDA -a X64 -b RELEASE -t XCODE5 -n 9 | OS: 10.12.3 | XCODE: 8.2.1]
0:100  0:000  SelfDevicePath=PciRoot(0x0)\Pci(0x17,0x0)\Sata(0x1,0x0,0x0)\HD(1,GPT,2824EF02-949B-447D-9298-7C1B6CA66BAA,0x28,0x64000) @7AD87E98
0:100  0:000  SelfDirPath = \EFI\BOOT
0:100  0:000  === [ Get Smbios ] ========================================
0:105  0:005  Type 16 Index = 0
0:105  0:000  Total Memory Slots Count = 2
0:105  0:000  Type 17 Index = 0
0:105  0:000  SmbiosTable.Type17->Speed = 2133MHz
0:105  0:000  SmbiosTable.Type17->Size = 4096MB
0:105  0:000  SmbiosTable.Type17->Bank/Device = BANK 0 ChannelA-DIMM0
0:105  0:000  SmbiosTable.Type17->Vendor = Micron
0:105  0:000  SmbiosTable.Type17->SerialNumber = 00000000
0:105  0:000  SmbiosTable.Type17->PartNumber = 4ATF51264HZ-2G3B1   
0:105  0:000  Type 17 Index = 1
0:105  0:000  Ignoring insane frequency value 0MHz
0:105  0:000  SmbiosTable.Type17->Speed = 0MHz
0:105  0:000  SmbiosTable.Type17->Size = 0MB
0:105  0:000  SmbiosTable.Type17->Bank/Device = BANK 1 ChannelA-DIMM1
0:105  0:000  SmbiosTable.Type17->Vendor = <null string>
0:105  0:000  SmbiosTable.Type17->SerialNumber = <null string>
0:105  0:000  SmbiosTable.Type17->PartNumber = <null string>
0:105  0:000  Boot status=0
0:105  0:000  Running on: 'Swift SF314-51' with board 'M3_SK'
0:105  0:000  === [ GetCPUProperties ] ==================================
0:105  0:000  CPU Vendor = 756E6547 Model=806E9
0:105  0:000   The CPU supported SSE4.1
0:105  0:000  The CPU supported turbo
0:105  0:000  BrandString = Intel(R) Core(TM) i5-7200U CPU @ 2.50GHz
0:105  0:000   TSC/CCC Information Leaf:
0:105  0:000    numerator     : 226
0:105  0:000    denominator   : 2
0:105  0:000   Calibrated ARTFrequency: 23971330
0:105  0:000  MSR 0xE2 before patch 1E008008
0:105  0:000  MSR 0xE2 is locked, PM patches will be turned on
0:105  0:000  MSR 0xCE              0004043D_F1011B00
0:105  0:000  MSR 0x1A0             00850089
0:105  0:000  corrected FLEX_RATIO = 0
0:105  0:000  MSR 0x1B0             00000000
0:105  0:000  FSBFrequency = 88 MHz, DMI FSBFrequency = 100 MHz, Corrected FSBFrequency = 100 MHz
0:105  0:000  MaxDiv/MinDiv: 27.0/4
0:105  0:000  Turbo: 31/31/31/31
0:105  0:000  Features: 0xBFEBFBFF
0:105  0:000  Threads: 4
0:105  0:000  Cores: 2
0:105  0:000  FSB: 25 MHz
0:105  0:000  CPU: 2400 MHz
0:105  0:000  TSC: 2400 MHz
0:105  0:000  PIS: 100 MHz
0:105  0:000  === [ GetDevices ] ========================================
0:105  0:000  PCI (00|00:00.00) : 8086 5904 class=060000
0:105  0:000  PCI (00|00:02.00) : 8086 5916 class=030000
0:105  0:000   - GFX: Model=Intel Unknown (Intel)
0:105  0:000  PCI (00|00:14.00) : 8086 9D2F class=0C0330
0:105  0:000  PCI (00|00:14.02) : 8086 9D31 class=118000
0:105  0:000  PCI (00|00:15.00) : 8086 9D60 class=118000
0:105  0:000  PCI (00|00:15.01) : 8086 9D61 class=118000
0:105  0:000  PCI (00|00:16.00) : 8086 9D3A class=078000
0:105  0:000  PCI (00|00:17.00) : 8086 9D03 class=010601
0:105  0:000  PCI (00|00:1C.00) : 8086 9D10 class=060400
0:105  0:000  PCI (00|00:1C.03) : 8086 9D13 class=060400
0:105  0:000  PCI (00|02:00.00) : 14E4 43B1 class=028000
0:105  0:000   - WIFI: Vendor=Broadcom
0:105  0:000  PCI (00|00:1F.00) : 8086 9D58 class=060100
0:105  0:000  PCI (00|00:1F.02) : 8086 9D21 class=058000
0:105  0:000  PCI (00|00:1F.03) : 8086 9D71 class=040300
0:105  0:000  PCI (00|00:1F.04) : 8086 9D23 class=0C0500
0:105  0:000  === [ GetDefaultSettings ] ================================
0:105  0:000  Clover load options size = 0 bytes
0:109  0:003  EFI\CLOVER\config.plist loaded: Success
0:109  0:000  === [ GetListOfThemes ] ===================================
0:110  0:000  - [00]: embedded
0:110  0:000  - [00]: random
0:110  0:000  - [00]: tonymacx86
0:111  0:001  === [ Found config plists ] ===============================
0:111  0:000  - config.plist
0:111  0:000  === [ GetEarlyUserSettings ] ==============================
0:111  0:000  timeout set to 3
0:111  0:000  Custom boot CUSTOM_BOOT_DISABLED (0x0)
0:111  0:000  FakeCPUID: 106E0
0:111  0:000  KextsToPatch: 13 requested
0:111  0:000   - [00]: AppleHDA (Zeroing 10ec0261 codec (patched by AppleHDA Patcher.app)) :: BinPatch :: data len: 4
0:111  0:000   - [01]: AppleHDA (Zeroing 10ec0262 codec (patched by AppleHDA Patcher.app)) :: BinPatch :: data len: 4
0:111  0:000   - [02]: AppleHDA (Zeroing 10ec0885 codec (patched by AppleHDA Patcher.app)) :: BinPatch :: data len: 4
0:111  0:000   - [03]: AppleHDA (Patching 11d41984 with 10ec0255 codec (patched by AppleHDA Patcher.app)) :: BinPatch :: data len: 4
0:111  0:000   - [04]: AirPortBrcm4360 (10.12-BCM94352-5GHz-US-FCC-dv) :: MatchOS: 10.12.x :: BinPatch :: data len: 8
0:111  0:000   - [05]: AppleIntelSKLGraphicsFramebuffer (Laptop Intel HD 520 HDMI Audio) :: BinPatch :: data len: 24
0:111  0:000   - [06]: AppleUSBXHCIPCI (change 15 port limit to 26 in XHCI kext (100-Series-10.12)) :: BinPatch :: data len: 7
0:111  0:000   - [07]: IOGraphicsFamily (Boot graphics glitch, 10.12.dp1 (credit denskop)) :: MatchOS: 10.12.x :: BinPatch :: data len: 5
0:111  0:000   - [08]: AppleIntelSKLGraphicsFramebuffer (Disable minStolenSize less or equal fStolenMemorySize assertion, 10.12.0 ( (based on Austere.J patch)) :: MatchOS: 10.12.x :: BinPatch :: data len: 7
0:111  0:000   - [09]: AppleAPIC (Skylake AppleAPIC Patch (c) Pike R. Alpha) :: BinPatch :: data len: 6
0:111  0:000   - patch disabled at config
0:111  0:000   - [10]: IOAHCIBlockStorage (Enable TRIM for non-Apple SSDs) :: BinPatch :: data len: 11
0:111  0:000   - [11]: AppleIntelSKLGraphicsFramebuffer (Framebuffer fix FF) :: BinPatch :: data len: 12
0:111  0:000   - [12]: IOBluetoothFamily (10.11.dp1+ BT4LE-Handoff-Hotspot, credit RehabMan based on Dokterdok original) :: BinPatch :: data len: 8
0:111  0:000  Default theme: embedded
0:111  0:000  Hiding entries with string \EFI\BOOT\BOOTX64.EFI
0:111  0:000  Hiding entries with string Windows
0:111  0:000  === [ LoadDrivers ] =======================================
0:111  0:000  Loading DataHubDxe-64.efi  status=Success
0:112  0:000  Loading FSInject-64.efi  status=Success
0:112  0:000  Loading HFSPlus.efi  status=Success
0:113  0:000   - driver needs connecting
0:113  0:000  Loading OsxAptioFix2Drv-64.efi  status=Success
0:114  0:001  Loading VBoxHfs-64.efi  status=Success
0:114  0:000   - driver needs connecting
0:114  0:000  2 drivers needs connecting ...
0:114  0:000  PlatformDriverOverrideProtocol->GetDriver overriden
0:114  0:000  HFS+ driver loaded
0:114  0:000  Searching for invalid DiskIo BY_DRIVER connects: not found, all ok
0:626  0:511  === [ InitScreen ] ========================================
0:626  0:000  SetScreenResolution: 1920x1080 - already set
0:626  0:000  Console modes reported: 7, available modes:
0:626  0:000   - [01]: 80x25
0:626  0:000   - [02]: 80x50
0:626  0:000   - [03]: 80x25
0:626  0:000   - [04]: 240x56 (current mode)
0:626  0:000   - [05]: 100x31
0:626  0:000   - [06]: 128x40
0:626  0:000   - [07]: 160x53
0:626  0:000  SetScreenResolution: 1920x1080 - already set
0:626  0:000  reinit: self device path=PciRoot(0x0)\Pci(0x17,0x0)\Sata(0x1,0x0,0x0)\HD(1,GPT,2824EF02-949B-447D-9298-7C1B6CA66BAA,0x28,0x64000)
0:627  0:000  Using embedded font: Success
0:628  0:001  === [ GetMacAddress ] =====================================
0:628  0:000   get legacy LAN MAC, 0 card found
0:628  0:000  === [ ScanSPD ] ===========================================
0:629  0:000  SMBus device : 8086 9D23 class=0C0500 status=Success
0:629  0:000  SMBus CmdReg: 0x3
0:629  0:000  Scanning SMBus [8086:9D23], mmio: 0xB132F004, ioport: 0x3040, hostc: 0x11
0:629  0:000  Slots to scan [8]...
0:634  0:005  spd byte read taking too long for byte 50:2!
0:639  0:005  host is busy for too long for byte 51:2!
0:645  0:005  host is busy for too long for byte 52:2!
0:650  0:005  host is busy for too long for byte 53:2!
0:655  0:005  host is busy for too long for byte 54:2!
0:661  0:005  host is busy for too long for byte 55:2!
0:669  0:008  spd byte read taking too long for byte 57:2!
0:669  0:000  === [ GetAcpiTablesList ] =================================
0:680  0:010  Get Acpi Tables List from RSDT:
0:680  0:000   - [00]: FACP  ACRPRDCT len=268
0:680  0:000   - [01]: UEFI  ACRPRDCT len=66
0:680  0:000   - [02]: ECDT  ACRPRDCT len=193
0:680  0:000   - [03]: SSDT  ACRPRDCT len=13843
0:680  0:000   - [04]: ASPT  ACRPRDCT len=52
0:680  0:000   - [05]: HPET  ACRPRDCT len=56
0:680  0:000   - [06]: MCFG  ACRPRDCT len=60
0:680  0:000   - [07]: LPIT  ACRPRDCT len=148
0:680  0:000   - [08]: SSDT  ACRPRDCT len=671
0:680  0:000   - [09]: SSDT  ACRPRDCT len=12290
0:680  0:000   - [10]: DBGP  ACRPRDCT len=52
0:680  0:000   - [11]: SSDT  ACRPRDCT len=4202
0:680  0:000   - [12]: SSDT  ACRPRDCT len=3806
0:680  0:000   - [13]: UEFI  ACRPRDCT len=566
0:680  0:000   - [14]: MSDM  ACRPRDCT len=85
0:680  0:000   - [15]: BOOT  ACRPRDCT len=40
0:680  0:000   - [16]: SSDT  ACRPRDCT len=444
0:680  0:000   - [17]: SSDT  ACRPRDCT len=838
0:680  0:000   - [18]: DBG2  ACRPRDCT len=84
0:680  0:000   - [19]: DMAR  ACRPRDCT len=240
0:680  0:000   - [20]: WPBT  ACRPRDCT len=56
0:680  0:000   - [21]: SSDT  ACRPRDCT len=2075
0:680  0:000   - [22]: WSMT  ACRPRDCT len=40
0:680  0:000   - [23]: SSDT  ACRPRDCT len=20448
0:680  0:000   - [24]: SSDT  ACRPRDCT len=1310
0:680  0:000   - [25]: APIC  ACRPRDCT len=188
0:680  0:000   - [26]: FPDT  ACRPRDCT len=68
0:680  0:000   - [27]: BGRT  ACRPRDCT len=56
0:680  0:000  Calibrated TSC frequency =2708760370 =2708MHz
0:680  0:000  === [ GetUserSettings ] ===================================
0:680  0:000  Add 9 properties:
0:680  0:000   - [00]: IntelGFX, len: 4
0:680  0:000   - [01]: IntelGFX, len: 4
0:680  0:000   - [02]: IntelGFX, len: 4
0:680  0:000   - [03]: IntelGFX, len: 10
0:680  0:000   - [04]: IntelGFX, len: 4
0:680  0:000   - [05]: IntelGFX, len: 4
0:680  0:000   - [06]: IntelGFX, len: 4
0:680  0:000   - [07]: IntelGFX, len: 4
0:680  0:000   - [08]: IntelGFX, len: 4
0:680  0:000  USB FixOwnership: yes
0:680  0:000   - final DSDT Fix mask=00000000
0:680  0:000  PatchesDSDT: 7 requested
0:680  0:000   - [00]: (change _OSI to XOSI) lenToFind: 4, lenToReplace: 4
0:680  0:000   - [01]: (change EHC1 to EH01) lenToFind: 4, lenToReplace: 4
0:680  0:000   - [02]: (change EHC2 to EH02) lenToFind: 4, lenToReplace: 4
0:680  0:000   - [03]: (change HDAS to HDEF) lenToFind: 4, lenToReplace: 4
0:680  0:000   - [04]: (change GFX0 to IGPU) lenToFind: 4, lenToReplace: 4
0:680  0:000   - [05]: (change HECI to IMEI) lenToFind: 4, lenToReplace: 4
0:680  0:000   - [06]: (change MEI to IMEI) lenToFind: 4, lenToReplace: 4
0:680  0:000  ChassisType: 0x9
0:680  0:000  CpuType: 905
0:681  0:000  === [ ScanVolumes ] =======================================
0:681  0:000  Found 5 volumes with blockIO
0:681  0:000  - [00]: Volume: PciRoot(0x0)\Pci(0x17,0x0)\Sata(0x1,0x0,0x0)
0:681  0:000  - [01]: Volume: PciRoot(0x0)\Pci(0x17,0x0)\Sata(0x1,0x0,0x0)\HD(1,GPT,2824EF02-949B-447D-9298-7C1B6CA66BAA,0x28,0x64000)
0:681  0:000          Result of bootcode detection: bootable unknown (legacy)
0:681  0:000          This is SelfVolume !!
0:681  0:000  - [02]: Volume: PciRoot(0x0)\Pci(0x17,0x0)\Sata(0x1,0x0,0x0)\HD(2,GPT,DBD23AAE-909F-4F00-970B-A6C976D50C03,0x64028,0x3D07F4A0)
0:681  0:000  - [03]: Volume: PciRoot(0x0)\Pci(0x17,0x0)\Sata(0x1,0x0,0x0)\HD(3,GPT,853D736D-8990-4DC9-BE83-C1A3DF7954F4,0x3D0E34C8,0x135F20)
0:682  0:000  - [04]: Volume: PciRoot(0x0)\Pci(0x14,0x0)\USB(0x7,0x0)\USB(0x0,0x0)
0:682  0:000          USB volume
0:682  0:000          USB volume
0:682  0:000  === [ InitTheme ] =========================================
0:682  0:000   using embedded theme
0:682  0:000  Using embedded font: Success
0:683  0:000  Choosing theme <null string>
0:683  0:000  found boot-args in NVRAM:, size=1
0:683  0:000  after NVRAM boot-args=-v dart=0 nv_disable=1 kext-dev-mode=1
0:683  0:000  Scanning legacy ...
0:683  0:000  === [ Dump SMC keys from NVRAM ] ==========================
0:683  0:000  no AppleSMC protocol
0:706  0:022  === [ ScanLoader ] ========================================
0:706  0:000  - [01]: 'EFI'
0:708  0:001  - [02]: 'squishy'
0:709  0:001          AddLoaderEntry for Volume Name=squishy
0:712  0:002      Check if volume Is Hibernated:
0:712  0:000      Check sleep image 'by signature':
0:715  0:003      read prefs \Library\Preferences\com.apple.PowerManagement.plist status=Success
0:715  0:000      using default sleep image name = \private\var\vm\sleepimage
0:717  0:001      no valid sleep image offset was found
0:717  0:000       sleepimage offset could not be acquired
0:717  0:000      hibernated: no - sign
0:717  0:000  Icon 17 decoded, pointer 7A2F9E98
0:718  0:000  - [03]: 'Recovery HD'
0:718  0:000          AddLoaderEntry for Volume Name=Recovery HD
0:719  0:000  Icon 20 decoded, pointer 7A247E98
0:719  0:000  === [ AddCustomTool ] =====================================
0:719  0:000  Icon 8 decoded, pointer 7A1F2E98
0:719  0:000  found tool \EFI\CLOVER\tools\Shell64U.efi
0:719  0:000  Checking EFI partition Volume 1 for Clover
0:719  0:000   Found Clover
0:720  0:000  Icon 2 decoded, pointer 7A1F7E98
0:720  0:000  Icon 1 decoded, pointer 7A239F58
0:720  0:000  Icon 0 decoded, pointer 7A1FFE98
0:720  0:000  Icon 5 decoded, pointer 7A2CCF18
0:720  0:000  Icon 6 decoded, pointer 7A1F09D8
0:720  0:000  === [ GetEfiBootDeviceFromNvram ] =========================
0:720  0:000   - efi-boot-device-data: PciRoot(0x0)\Pci(0x17,0x0)\Sata(0x1,0x0,0x0)\HD(2,GPT,DBD23AAE-909F-4F00-970B-A6C976D50C03,0x64028,0x3D07F4A0)
0:720  0:000    - Volume: 'PciRoot(0x0)\Pci(0x17,0x0)\Sata(0x1,0x0,0x0)\HD(2,GPT,DBD23AAE-909F-4F00-970B-A6C976D50C03,0x64028,0x3D07F4A0)'
0:720  0:000    - LoaderPath: '<null string>'
0:720  0:000    - Guid = DBD23AAE-909F-4F00-970B-A6C976D50C03
0:720  0:000  === [ FindStartupDiskVolume ] =============================
0:720  0:000    - Volume: partition = PciRoot(0x0)\Pci(0x17,0x0)\Sata(0x1,0x0,0x0)\HD(2,GPT,DBD23AAE-909F-4F00-970B-A6C976D50C03,0x64028,0x3D07F4A0)
0:720  0:000     - searching for that partition
0:720  0:000      - found entry 0. 'Boot macOS from squishy', Volume 'squishy'
0:720  0:000  Boot redirected to Entry 0. 'Boot macOS from squishy'
0:720  0:000  DefaultIndex=0 and MainMenu.EntryCount=8
0:721  0:000  Icon 21 decoded, pointer 7A2F99D8
0:771  0:050  Icon 22 decoded, pointer 7A23FF18
0:771  0:000  Icon 23 decoded, pointer 7A1F5E98
0:778  0:006  Icon 11 decoded, pointer 7A1F9F18
0:780  0:002  GUI ready
